sending incremental file list
created directory backup//current
./
813877.jpg
Yonsei University Logo Download Vector.png
adam-rhodes-ep5lX958f7E-unsplash.jpg
car.png
image.png
markus-spiske-iar-afB0QQw-unsplash.jpg
open-laptop-in-dark-murjp1nk4lp1idlt.jpeg
oskar-yildiz-cOkpTiJMGzA-unsplash.jpg
peakpx (1).jpg
peakpx (2).jpg
peakpx.jpg
safar-safarov-koOdUvfGr4c-unsplash.jpg
sunset.png
tobias-reich-Onn5cCtX5xo-unsplash.jpg
wp4284487-lofi-anime-wallpapers.jpg
y2doa4q93hqe6arl.jpeg
항목설명서.xlsx

sent 791 bytes  received 108 bytes  1,798.00 bytes/sec
total size is 44,065,267  speedup is 49,015.87 (DRY RUN)
sending incremental file list
created directory backup//current
./
813877.jpg
Yonsei University Logo Download Vector.png
adam-rhodes-ep5lX958f7E-unsplash.jpg
car.png
image.png
markus-spiske-iar-afB0QQw-unsplash.jpg
open-laptop-in-dark-murjp1nk4lp1idlt.jpeg
oskar-yildiz-cOkpTiJMGzA-unsplash.jpg
peakpx (1).jpg
peakpx (2).jpg
peakpx.jpg
safar-safarov-koOdUvfGr4c-unsplash.jpg
sunset.png
tobias-reich-Onn5cCtX5xo-unsplash.jpg
wp4284487-lofi-anime-wallpapers.jpg
y2doa4q93hqe6arl.jpeg
항목설명서.xlsx

sent 44,077,430 bytes  received 380 bytes  88,155,620.00 bytes/sec
total size is 44,065,267  speedup is 1.00
sending incremental file list
created directory backup//2022-12-29
./
813877.jpg
Yonsei University Logo Download Vector.png
adam-rhodes-ep5lX958f7E-unsplash.jpg
car.png
image.png
markus-spiske-iar-afB0QQw-unsplash.jpg
open-laptop-in-dark-murjp1nk4lp1idlt.jpeg
oskar-yildiz-cOkpTiJMGzA-unsplash.jpg
peakpx (1).jpg
peakpx (2).jpg
peakpx.jpg
safar-safarov-koOdUvfGr4c-unsplash.jpg
sunset.png
tobias-reich-Onn5cCtX5xo-unsplash.jpg
wp4284487-lofi-anime-wallpapers.jpg
y2doa4q93hqe6arl.jpeg
항목설명서.xlsx

sent 44,077,430 bytes  received 383 bytes  88,155,626.00 bytes/sec
total size is 44,065,267  speedup is 1.00
