의존성 해결 중...
꾸러미 충돌을 찾는 중...

꾸러미 (1) htop-3.2.1-1

총 설치 크기:          0.35 MiB
알짜 업그레이드 크기:  0.00 MiB

키링 검사 중...
꾸러미 무결성 검사 중...
꾸러미 파일 불러오는 중...
파일 충돌 검사 중...
사용 가능한 디스크 공간 검사 중...
:: 전처리 훅들을 실행 중...
(1/1) Creating Timeshift snapshot before upgrade...
==> skipping timeshift-autosnap due skipRsyncAutosnap in /etc/timeshift-autosnap.conf set to TRUE.
:: 꾸러미 변경사항을 처리 중...
htop 재설치 중...
:: 후처리 훅들을 실행 중...
(1/4) Arming ConditionNeedsUpdate...
(2/4) Refreshing PackageKit...
(3/4) Updating icon theme caches...
(4/4) Updating the desktop file MIME type cache...
의존성 해결 중...
꾸러미 충돌을 찾는 중...

꾸러미 (1) htop-3.2.1-1

총 설치 크기:          0.35 MiB
알짜 업그레이드 크기:  0.00 MiB

키링 검사 중...
꾸러미 무결성 검사 중...
꾸러미 파일 불러오는 중...
파일 충돌 검사 중...
사용 가능한 디스크 공간 검사 중...
:: 전처리 훅들을 실행 중...
(1/1) Creating Timeshift snapshot before upgrade...
==> skipping timeshift-autosnap due skipRsyncAutosnap in /etc/timeshift-autosnap.conf set to TRUE.
:: 꾸러미 변경사항을 처리 중...
htop 재설치 중...
:: 후처리 훅들을 실행 중...
(1/4) Arming ConditionNeedsUpdate...
(2/4) Refreshing PackageKit...
(3/4) Updating icon theme caches...
(4/4) Updating the desktop file MIME type cache...
의존성 해결 중...
꾸러미 충돌을 찾는 중...

꾸러미 (1) htop-3.2.1-1

총 설치 크기:  0.35 MiB

키링 검사 중...
꾸러미 무결성 검사 중...
꾸러미 파일 불러오는 중...
파일 충돌 검사 중...
사용 가능한 디스크 공간 검사 중...
:: 꾸러미 변경사항을 처리 중...
htop 설치 중...
htop에 대한 선택 의존성
    lm_sensors: show cpu temperatures [설치함]
    lsof: show files opened by a process [설치함]
    strace: attach to a running process
:: 후처리 훅들을 실행 중...
(1/4) Arming ConditionNeedsUpdate...
(2/4) Refreshing PackageKit...
(3/4) Updating icon theme caches...
(4/4) Updating the desktop file MIME type cache...
